<<<<<<< Updated upstream
[debug] > Exec(~run, None, None)
[debug] > Exec(__runWatch console0, None, None)
[debug] > Exec(sbtStashOnFailure, None, None)
[debug] > Exec(__preWatch console0, None, None)
[debug] > Exec(run, None, None)
[debug] Evaluating tasks: Compile / run
[debug] Running task... Cancel: Signal, check cycles: false, forcegc: true
[info] compiling 1 Scala source to C:\Users\user\IdeaProjects\task3\target\scala-2.13\classes ...
[info] done compiling
[success] Total time: 2 s, completed 20 окт. 2020 г., 2:33:50
[debug] > Exec(resumeFromFailure, None, None)
[debug] > Exec(sbtPopOnFailure, None, None)
[debug] > Exec(__postWatch console0, None, None)
[debug] > Exec(__waitWatch console0, None, None)
=======
[debug] > Exec(~run, None, None)
[debug] > Exec(__runWatch console0, None, None)
[debug] > Exec(sbtStashOnFailure, None, None)
[debug] > Exec(__preWatch console0, None, None)
[debug] > Exec(run, None, None)
[debug] Evaluating tasks: Compile / run
[debug] Running task... Cancel: Signal, check cycles: false, forcegc: true
[info] compiling 1 Scala source to C:\Users\user\IdeaProjects\task3\target\scala-2.13\classes ...
[info] done compiling
[success] Total time: 2 s, completed 20 окт. 2020 г., 2:33:50
[debug] > Exec(resumeFromFailure, None, None)
[debug] > Exec(sbtPopOnFailure, None, None)
[debug] > Exec(__postWatch console0, None, None)
[debug] > Exec(__waitWatch console0, None, None)
>>>>>>> Stashed changes
